<?xml version="1.0" encoding="UTF-8"?>
<testsuite name="com.freelec.springboot.web.IndexControllerTest" tests="1" skipped="0" failures="0" errors="0" timestamp="2022-03-11T05:02:08" hostname="heojeonghun-ui-MacBookPro.local" time="0.506">
  <properties/>
  <testcase name="메인페이지()" classname="com.freelec.springboot.web.IndexControllerTest" time="0.506"/>
  <system-out><![CDATA[14:02:00.833 [Test worker] DEBUG org.springframework.test.context.BootstrapUtils - Instantiating CacheAwareContextLoaderDelegate from class [org.springframework.test.context.cache.DefaultCacheAwareContextLoaderDelegate]
14:02:00.856 [Test worker] DEBUG org.springframework.test.context.BootstrapUtils - Instantiating BootstrapContext using constructor [public org.springframework.test.context.support.DefaultBootstrapContext(java.lang.Class,org.springframework.test.context.CacheAwareContextLoaderDelegate)]
14:02:00.904 [Test worker] DEBUG org.springframework.test.context.BootstrapUtils - Instantiating TestContextBootstrapper for test class [com.freelec.springboot.web.IndexControllerTest] from class [org.springframework.boot.test.context.SpringBootTestContextBootstrapper]
14:02:00.924 [Test worker] INFO org.springframework.boot.test.context.SpringBootTestContextBootstrapper - Neither @ContextConfiguration nor @ContextHierarchy found for test class [com.freelec.springboot.web.IndexControllerTest], using SpringBootContextLoader
14:02:00.931 [Test worker] DEBUG org.springframework.test.context.support.AbstractContextLoader - Did not detect default resource location for test class [com.freelec.springboot.web.IndexControllerTest]: class path resource [com/freelec/springboot/web/IndexControllerTest-context.xml] does not exist
14:02:00.932 [Test worker] DEBUG org.springframework.test.context.support.AbstractContextLoader - Did not detect default resource location for test class [com.freelec.springboot.web.IndexControllerTest]: class path resource [com/freelec/springboot/web/IndexControllerTestContext.groovy] does not exist
14:02:00.932 [Test worker] INFO org.springframework.test.context.support.AbstractContextLoader - Could not detect default resource locations for test class [com.freelec.springboot.web.IndexControllerTest]: no resource found for suffixes {-context.xml, Context.groovy}.
14:02:00.934 [Test worker] INFO org.springframework.test.context.support.AnnotationConfigContextLoaderUtils - Could not detect default configuration classes for test class [com.freelec.springboot.web.IndexControllerTest]: IndexControllerTest does not declare any static, non-private, non-final, nested classes annotated with @Configuration.
14:02:01.000 [Test worker] DEBUG org.springframework.test.context.support.ActiveProfilesUtils - Could not find an 'annotation declaring class' for annotation type [org.springframework.test.context.ActiveProfiles] and class [com.freelec.springboot.web.IndexControllerTest]
14:02:01.149 [Test worker] DEBUG org.springframework.context.annotation.ClassPathScanningCandidateComponentProvider - Identified candidate component class: file [/Users/heojeonghun/Desktop/Life/스프링/freelec/build/classes/java/main/com/freelec/springboot/Application.class]
14:02:01.151 [Test worker] INFO org.springframework.boot.test.context.SpringBootTestContextBootstrapper - Found @SpringBootConfiguration com.freelec.springboot.Application for test class com.freelec.springboot.web.IndexControllerTest
14:02:01.294 [Test worker] DEBUG org.springframework.boot.test.context.SpringBootTestContextBootstrapper - @TestExecutionListeners is not present for class [com.freelec.springboot.web.IndexControllerTest]: using defaults.
14:02:01.295 [Test worker] INFO org.springframework.boot.test.context.SpringBootTestContextBootstrapper - Loaded default TestExecutionListener class names from location [META-INF/spring.factories]: [org.springframework.boot.test.autoconfigure.restdocs.RestDocsTestExecutionListener, org.springframework.boot.test.autoconfigure.web.client.MockRestServiceServerResetTestExecutionListener, org.springframework.boot.test.autoconfigure.web.servlet.MockMvcPrintOnlyOnFailureTestExecutionListener, org.springframework.boot.test.autoconfigure.web.servlet.WebDriverTestExecutionListener, org.springframework.boot.test.autoconfigure.webservices.client.MockWebServiceServerTestExecutionListener, org.springframework.boot.test.mock.mockito.MockitoTestExecutionListener, org.springframework.boot.test.mock.mockito.ResetMocksTestExecutionListener, org.springframework.test.context.web.ServletTestExecutionListener, org.springframework.test.context.support.DirtiesContextBeforeModesTestExecutionListener, org.springframework.test.context.support.DependencyInjectionTestExecutionListener, org.springframework.test.context.support.DirtiesContextTestExecutionListener, org.springframework.test.context.transaction.TransactionalTestExecutionListener, org.springframework.test.context.jdbc.SqlScriptsTestExecutionListener, org.springframework.test.context.event.EventPublishingTestExecutionListener]
14:02:01.329 [Test worker] INFO org.springframework.boot.test.context.SpringBootTestContextBootstrapper - Using TestExecutionListeners: [org.springframework.test.context.web.ServletTestExecutionListener@52658395, org.springframework.test.context.support.DirtiesContextBeforeModesTestExecutionListener@59297e4b, org.springframework.boot.test.mock.mockito.MockitoTestExecutionListener@3f25f0f5, org.springframework.boot.test.autoconfigure.SpringBootDependencyInjectionTestExecutionListener@64fe6b1e, org.springframework.test.context.support.DirtiesContextTestExecutionListener@1af9353f, org.springframework.test.context.transaction.TransactionalTestExecutionListener@830cb0d, org.springframework.test.context.jdbc.SqlScriptsTestExecutionListener@180230a6, org.springframework.test.context.event.EventPublishingTestExecutionListener@f331e23, org.springframework.boot.test.autoconfigure.restdocs.RestDocsTestExecutionListener@5cb08237, org.springframework.boot.test.autoconfigure.web.client.MockRestServiceServerResetTestExecutionListener@5256520f, org.springframework.boot.test.autoconfigure.web.servlet.MockMvcPrintOnlyOnFailureTestExecutionListener@5b58dfe3, org.springframework.boot.test.autoconfigure.web.servlet.WebDriverTestExecutionListener@4c0d00ad, org.springframework.boot.test.autoconfigure.webservices.client.MockWebServiceServerTestExecutionListener@14f49221, org.springframework.boot.test.mock.mockito.ResetMocksTestExecutionListener@74d27c9a]
14:02:01.337 [Test worker] DEBUG org.springframework.test.context.support.AbstractDirtiesContextTestExecutionListener - Before test class: context [DefaultTestContext@72d63279 testClass = IndexControllerTest, testInstance = [null], testMethod = [null], testException = [null], mergedContextConfiguration = [WebMergedContextConfiguration@50b31484 testClass = IndexControllerTest, locations = '{}', classes = '{class com.freelec.springboot.Application}', contextInitializerClasses = '[]', activeProfiles = '{}', propertySourceLocations = '{}', propertySourceProperties = '{org.springframework.boot.test.context.SpringBootTestContextBootstrapper=true, server.port=0}', contextCustomizers = set[org.springframework.boot.test.autoconfigure.actuate.metrics.MetricsExportContextCustomizerFactory$DisableMetricExportContextCustomizer@60ffd8a6, org.springframework.boot.test.autoconfigure.properties.PropertyMappingContextCustomizer@0, org.springframework.boot.test.autoconfigure.web.servlet.WebDriverContextCustomizerFactory$Customizer@5d8eb7e5, org.springframework.boot.test.context.filter.ExcludeFilterContextCustomizer@54ebf606, org.springframework.boot.test.json.DuplicateJsonObjectContextCustomizerFactory$DuplicateJsonObjectContextCustomizer@56e56437, org.springframework.boot.test.mock.mockito.MockitoContextCustomizer@0, org.springframework.boot.test.web.client.TestRestTemplateContextCustomizer@1a1c676b, org.springframework.boot.test.context.SpringBootTestArgs@1, org.springframework.boot.test.context.SpringBootTestWebEnvironment@3550b11c], resourceBasePath = 'src/main/webapp', contextLoader = 'org.springframework.boot.test.context.SpringBootContextLoader', parent = [null]], attributes = map['org.springframework.test.context.web.ServletTestExecutionListener.activateListener' -> false]], class annotated with @DirtiesContext [false] with mode [null].
14:02:01.344 [Test worker] DEBUG org.springframework.test.context.support.DependencyInjectionTestExecutionListener - Performing dependency injection for test context [[DefaultTestContext@72d63279 testClass = IndexControllerTest, testInstance = com.freelec.springboot.web.IndexControllerTest@1dd0c4b4, testMethod = [null], testException = [null], mergedContextConfiguration = [WebMergedContextConfiguration@50b31484 testClass = IndexControllerTest, locations = '{}', classes = '{class com.freelec.springboot.Application}', contextInitializerClasses = '[]', activeProfiles = '{}', propertySourceLocations = '{}', propertySourceProperties = '{org.springframework.boot.test.context.SpringBootTestContextBootstrapper=true, server.port=0}', contextCustomizers = set[org.springframework.boot.test.autoconfigure.actuate.metrics.MetricsExportContextCustomizerFactory$DisableMetricExportContextCustomizer@60ffd8a6, org.springframework.boot.test.autoconfigure.properties.PropertyMappingContextCustomizer@0, org.springframework.boot.test.autoconfigure.web.servlet.WebDriverContextCustomizerFactory$Customizer@5d8eb7e5, org.springframework.boot.test.context.filter.ExcludeFilterContextCustomizer@54ebf606, org.springframework.boot.test.json.DuplicateJsonObjectContextCustomizerFactory$DuplicateJsonObjectContextCustomizer@56e56437, org.springframework.boot.test.mock.mockito.MockitoContextCustomizer@0, org.springframework.boot.test.web.client.TestRestTemplateContextCustomizer@1a1c676b, org.springframework.boot.test.context.SpringBootTestArgs@1, org.springframework.boot.test.context.SpringBootTestWebEnvironment@3550b11c], resourceBasePath = 'src/main/webapp', contextLoader = 'org.springframework.boot.test.context.SpringBootContextLoader', parent = [null]], attributes = map['org.springframework.test.context.web.ServletTestExecutionListener.activateListener' -> false]]].
14:02:01.384 [Test worker] DEBUG org.springframework.test.context.support.TestPropertySourceUtils - Adding inlined properties to environment: {spring.jmx.enabled=false, org.springframework.boot.test.context.SpringBootTestContextBootstrapper=true, server.port=0}

  .   ____          _            __ _ _
 /\\ / ___'_ __ _ _(_)_ __  __ _ \ \ \ \
( ( )\___ | '_ | '_| | '_ \/ _` | \ \ \ \
 \\/  ___)| |_)| | | | | || (_| |  ) ) ) )
  '  |____| .__|_| |_|_| |_\__, | / / / /
 =========|_|==============|___/=/_/_/_/
 :: Spring Boot ::                (v2.4.1)

2022-03-11 14:02:01.957  INFO 7479 --- [    Test worker] c.f.springboot.web.IndexControllerTest   : Starting IndexControllerTest using Java 14.0.2 on heojeonghun-ui-MacBookPro.local with PID 7479 (started by heojeonghun in /Users/heojeonghun/Desktop/Life/스프링/freelec)
2022-03-11 14:02:01.960  INFO 7479 --- [    Test worker] c.f.springboot.web.IndexControllerTest   : No active profile set, falling back to default profiles: default
2022-03-11 14:02:03.022  INFO 7479 --- [    Test worker] .s.d.r.c.RepositoryConfigurationDelegate : Bootstrapping Spring Data JPA repositories in DEFAULT mode.
2022-03-11 14:02:03.147  INFO 7479 --- [    Test worker] .s.d.r.c.RepositoryConfigurationDelegate : Finished Spring Data repository scanning in 115 ms. Found 2 JPA repository interfaces.
2022-03-11 14:02:04.045  INFO 7479 --- [    Test worker] o.s.b.w.embedded.tomcat.TomcatWebServer  : Tomcat initialized with port(s): 0 (http)
2022-03-11 14:02:04.063  INFO 7479 --- [    Test worker] o.apache.catalina.core.StandardService   : Starting service [Tomcat]
2022-03-11 14:02:04.063  INFO 7479 --- [    Test worker] org.apache.catalina.core.StandardEngine  : Starting Servlet engine: [Apache Tomcat/9.0.41]
2022-03-11 14:02:04.184  INFO 7479 --- [    Test worker] o.a.c.c.C.[Tomcat].[localhost].[/]       : Initializing Spring embedded WebApplicationContext
2022-03-11 14:02:04.185  INFO 7479 --- [    Test worker] w.s.c.ServletWebServerApplicationContext : Root WebApplicationContext: initialization completed in 2193 ms
2022-03-11 14:02:04.270  INFO 7479 --- [    Test worker] com.zaxxer.hikari.HikariDataSource       : HikariPool-1 - Starting...
2022-03-11 14:02:04.544  INFO 7479 --- [    Test worker] com.zaxxer.hikari.HikariDataSource       : HikariPool-1 - Start completed.
2022-03-11 14:02:04.555  INFO 7479 --- [    Test worker] o.s.b.a.h2.H2ConsoleAutoConfiguration    : H2 console available at '/h2-console'. Database available at 'jdbc:h2:mem:testdb'
2022-03-11 14:02:04.922  INFO 7479 --- [    Test worker] o.hibernate.jpa.internal.util.LogHelper  : HHH000204: Processing PersistenceUnitInfo [name: default]
2022-03-11 14:02:05.020  INFO 7479 --- [    Test worker] org.hibernate.Version                    : HHH000412: Hibernate ORM core version 5.4.25.Final
2022-03-11 14:02:05.284  INFO 7479 --- [    Test worker] o.hibernate.annotations.common.Version   : HCANN000001: Hibernate Commons Annotations {5.1.2.Final}
2022-03-11 14:02:05.490  INFO 7479 --- [    Test worker] org.hibernate.dialect.Dialect            : HHH000400: Using dialect: org.hibernate.dialect.MySQL57Dialect
Hibernate: drop table if exists posts
Hibernate: drop table if exists user
Hibernate: create table posts (id bigint not null auto_increment, created_date datetime(6), modified_date datetime(6), author varchar(255), content TEXT not null, title varchar(500) not null, primary key (id)) engine=InnoDB
Hibernate: create table user (id bigint not null auto_increment, created_date datetime(6), modified_date datetime(6), email varchar(255) not null, name varchar(255) not null, picture varchar(255), role varchar(255) not null, primary key (id)) engine=InnoDB
2022-03-11 14:02:06.431  INFO 7479 --- [    Test worker] o.h.e.t.j.p.i.JtaPlatformInitiator       : HHH000490: Using JtaPlatform implementation: [org.hibernate.engine.transaction.jta.platform.internal.NoJtaPlatform]
2022-03-11 14:02:06.444  INFO 7479 --- [    Test worker] j.LocalContainerEntityManagerFactoryBean : Initialized JPA EntityManagerFactory for persistence unit 'default'
2022-03-11 14:02:07.180  WARN 7479 --- [    Test worker] JpaBaseConfiguration$JpaWebConfiguration : spring.jpa.open-in-view is enabled by default. Therefore, database queries may be performed during view rendering. Explicitly configure spring.jpa.open-in-view to disable this warning
2022-03-11 14:02:07.806  INFO 7479 --- [    Test worker] o.s.s.web.DefaultSecurityFilterChain     : Will secure any request with [org.springframework.security.web.context.request.async.WebAsyncManagerIntegrationFilter@7f159ddb, org.springframework.security.web.context.SecurityContextPersistenceFilter@2c6c7827, org.springframework.security.web.header.HeaderWriterFilter@3fb79b2a, org.springframework.security.web.authentication.logout.LogoutFilter@e296654, org.springframework.security.oauth2.client.web.OAuth2AuthorizationRequestRedirectFilter@7733ace5, org.springframework.security.oauth2.client.web.OAuth2LoginAuthenticationFilter@50075e1e, org.springframework.security.web.authentication.ui.DefaultLoginPageGeneratingFilter@f84535f, org.springframework.security.web.authentication.ui.DefaultLogoutPageGeneratingFilter@5e38b52a, org.springframework.security.web.savedrequest.RequestCacheAwareFilter@195b854c, org.springframework.security.web.servletapi.SecurityContextHolderAwareRequestFilter@2a40a3c4, org.springframework.security.web.authentication.AnonymousAuthenticationFilter@14c7cfa7, org.springframework.security.web.session.SessionManagementFilter@60ba2bf, org.springframework.security.web.access.ExceptionTranslationFilter@27d74a76, org.springframework.security.web.access.intercept.FilterSecurityInterceptor@48229c62]
2022-03-11 14:02:08.159  INFO 7479 --- [    Test worker] o.s.s.concurrent.ThreadPoolTaskExecutor  : Initializing ExecutorService 'applicationTaskExecutor'
2022-03-11 14:02:08.297  INFO 7479 --- [    Test worker] o.s.b.a.w.s.WelcomePageHandlerMapping    : Adding welcome page template: index
2022-03-11 14:02:08.665  INFO 7479 --- [    Test worker] o.s.b.w.embedded.tomcat.TomcatWebServer  : Tomcat started on port(s): 50715 (http) with context path ''
2022-03-11 14:02:08.682  INFO 7479 --- [    Test worker] s.a.ScheduledAnnotationBeanPostProcessor : No TaskScheduler/ScheduledExecutorService bean found for scheduled processing
2022-03-11 14:02:08.693  INFO 7479 --- [    Test worker] c.f.springboot.web.IndexControllerTest   : Started IndexControllerTest in 7.305 seconds (JVM running for 9.157)
2022-03-11 14:02:09.051  INFO 7479 --- [o-auto-1-exec-1] o.a.c.c.C.[Tomcat].[localhost].[/]       : Initializing Spring DispatcherServlet 'dispatcherServlet'
2022-03-11 14:02:09.051  INFO 7479 --- [o-auto-1-exec-1] o.s.web.servlet.DispatcherServlet        : Initializing Servlet 'dispatcherServlet'
2022-03-11 14:02:09.053  INFO 7479 --- [o-auto-1-exec-1] o.s.web.servlet.DispatcherServlet        : Completed initialization in 2 ms
Hibernate: select posts0_.id as id1_0_, posts0_.created_date as created_2_0_, posts0_.modified_date as modified3_0_, posts0_.author as author4_0_, posts0_.content as content5_0_, posts0_.title as title6_0_ from posts posts0_ order by posts0_.id DESC
]]></system-out>
  <system-err><![CDATA[]]></system-err>
</testsuite>
