<?xml version="1.0" encoding="UTF-8"?>
<testsuite name="com.freelec.springboot.domain.BaseTimeEntityTest" tests="1" skipped="0" failures="0" errors="0" timestamp="2022-03-11T05:02:10" hostname="heojeonghun-ui-MacBookPro.local" time="0.033">
  <properties/>
  <testcase name="테스트()" classname="com.freelec.springboot.domain.BaseTimeEntityTest" time="0.033"/>
  <system-out><![CDATA[2022-03-11 14:02:10.797  INFO 7479 --- [    Test worker] .b.t.c.SpringBootTestContextBootstrapper : Neither @ContextConfiguration nor @ContextHierarchy found for test class [com.freelec.springboot.domain.BaseTimeEntityTest], using SpringBootContextLoader
2022-03-11 14:02:10.798  INFO 7479 --- [    Test worker] o.s.t.c.support.AbstractContextLoader    : Could not detect default resource locations for test class [com.freelec.springboot.domain.BaseTimeEntityTest]: no resource found for suffixes {-context.xml, Context.groovy}.
2022-03-11 14:02:10.798  INFO 7479 --- [    Test worker] t.c.s.AnnotationConfigContextLoaderUtils : Could not detect default configuration classes for test class [com.freelec.springboot.domain.BaseTimeEntityTest]: BaseTimeEntityTest does not declare any static, non-private, non-final, nested classes annotated with @Configuration.
2022-03-11 14:02:10.804  INFO 7479 --- [    Test worker] .b.t.c.SpringBootTestContextBootstrapper : Found @SpringBootConfiguration com.freelec.springboot.Application for test class com.freelec.springboot.domain.BaseTimeEntityTest
2022-03-11 14:02:10.805  INFO 7479 --- [    Test worker] .b.t.c.SpringBootTestContextBootstrapper : Loaded default TestExecutionListener class names from location [META-INF/spring.factories]: [org.springframework.boot.test.autoconfigure.restdocs.RestDocsTestExecutionListener, org.springframework.boot.test.autoconfigure.web.client.MockRestServiceServerResetTestExecutionListener, org.springframework.boot.test.autoconfigure.web.servlet.MockMvcPrintOnlyOnFailureTestExecutionListener, org.springframework.boot.test.autoconfigure.web.servlet.WebDriverTestExecutionListener, org.springframework.boot.test.autoconfigure.webservices.client.MockWebServiceServerTestExecutionListener, org.springframework.boot.test.mock.mockito.MockitoTestExecutionListener, org.springframework.boot.test.mock.mockito.ResetMocksTestExecutionListener, org.springframework.test.context.web.ServletTestExecutionListener, org.springframework.test.context.support.DirtiesContextBeforeModesTestExecutionListener, org.springframework.test.context.support.DependencyInjectionTestExecutionListener, org.springframework.test.context.support.DirtiesContextTestExecutionListener, org.springframework.test.context.transaction.TransactionalTestExecutionListener, org.springframework.test.context.jdbc.SqlScriptsTestExecutionListener, org.springframework.test.context.event.EventPublishingTestExecutionListener]
2022-03-11 14:02:10.805  INFO 7479 --- [    Test worker] .b.t.c.SpringBootTestContextBootstrapper : Using TestExecutionListeners: [org.springframework.test.context.web.ServletTestExecutionListener@45985666, org.springframework.test.context.support.DirtiesContextBeforeModesTestExecutionListener@3d69fcca, org.springframework.boot.test.mock.mockito.MockitoTestExecutionListener@4ff24090, org.springframework.boot.test.autoconfigure.SpringBootDependencyInjectionTestExecutionListener@7cfd1197, org.springframework.test.context.support.DirtiesContextTestExecutionListener@7bd15308, org.springframework.test.context.transaction.TransactionalTestExecutionListener@92c7f14, org.springframework.test.context.jdbc.SqlScriptsTestExecutionListener@54874861, org.springframework.test.context.event.EventPublishingTestExecutionListener@40629acf, org.springframework.boot.test.autoconfigure.restdocs.RestDocsTestExecutionListener@31dad8d8, org.springframework.boot.test.autoconfigure.web.client.MockRestServiceServerResetTestExecutionListener@5b64d528, org.springframework.boot.test.autoconfigure.web.servlet.MockMvcPrintOnlyOnFailureTestExecutionListener@35ce5a65, org.springframework.boot.test.autoconfigure.web.servlet.WebDriverTestExecutionListener@61ae0af1, org.springframework.boot.test.autoconfigure.webservices.client.MockWebServiceServerTestExecutionListener@6551204, org.springframework.boot.test.mock.mockito.ResetMocksTestExecutionListener@7be54a73]
Hibernate: insert into posts (created_date, modified_date, author, content, title) values (?, ?, ?, ?, ?)
Hibernate: select posts0_.id as id1_0_, posts0_.created_date as created_2_0_, posts0_.modified_date as modified3_0_, posts0_.author as author4_0_, posts0_.content as content5_0_, posts0_.title as title6_0_ from posts posts0_
>>>>>>>>>>>>>>>>>>>>createDate = 2022-03-11T14:02:10.709709, modifiedDate =2022-03-11T14:02:10.709709
]]></system-out>
  <system-err><![CDATA[]]></system-err>
</testsuite>
