<?xml version="1.0" encoding="UTF-8"?>
<testsuite name="com.freelec.springboot.domain.BaseTimeEntityTest" tests="1" skipped="0" failures="0" errors="0" timestamp="2022-03-10T05:59:19" hostname="192.168.nate.com" time="0.04">
  <properties/>
  <testcase name="테스트()" classname="com.freelec.springboot.domain.BaseTimeEntityTest" time="0.04"/>
  <system-out><![CDATA[2022-03-10 14:59:19.007  INFO 79673 --- [    Test worker] .b.t.c.SpringBootTestContextBootstrapper : Neither @ContextConfiguration nor @ContextHierarchy found for test class [com.freelec.springboot.domain.BaseTimeEntityTest], using SpringBootContextLoader
2022-03-10 14:59:19.009  INFO 79673 --- [    Test worker] o.s.t.c.support.AbstractContextLoader    : Could not detect default resource locations for test class [com.freelec.springboot.domain.BaseTimeEntityTest]: no resource found for suffixes {-context.xml, Context.groovy}.
2022-03-10 14:59:19.009  INFO 79673 --- [    Test worker] t.c.s.AnnotationConfigContextLoaderUtils : Could not detect default configuration classes for test class [com.freelec.springboot.domain.BaseTimeEntityTest]: BaseTimeEntityTest does not declare any static, non-private, non-final, nested classes annotated with @Configuration.
2022-03-10 14:59:19.015  INFO 79673 --- [    Test worker] .b.t.c.SpringBootTestContextBootstrapper : Found @SpringBootConfiguration com.freelec.springboot.Application for test class com.freelec.springboot.domain.BaseTimeEntityTest
2022-03-10 14:59:19.018  INFO 79673 --- [    Test worker] .b.t.c.SpringBootTestContextBootstrapper : Loaded default TestExecutionListener class names from location [META-INF/spring.factories]: [org.springframework.boot.test.autoconfigure.restdocs.RestDocsTestExecutionListener, org.springframework.boot.test.autoconfigure.web.client.MockRestServiceServerResetTestExecutionListener, org.springframework.boot.test.autoconfigure.web.servlet.MockMvcPrintOnlyOnFailureTestExecutionListener, org.springframework.boot.test.autoconfigure.web.servlet.WebDriverTestExecutionListener, org.springframework.boot.test.autoconfigure.webservices.client.MockWebServiceServerTestExecutionListener, org.springframework.boot.test.mock.mockito.MockitoTestExecutionListener, org.springframework.boot.test.mock.mockito.ResetMocksTestExecutionListener, org.springframework.test.context.web.ServletTestExecutionListener, org.springframework.test.context.support.DirtiesContextBeforeModesTestExecutionListener, org.springframework.test.context.support.DependencyInjectionTestExecutionListener, org.springframework.test.context.support.DirtiesContextTestExecutionListener, org.springframework.test.context.transaction.TransactionalTestExecutionListener, org.springframework.test.context.jdbc.SqlScriptsTestExecutionListener, org.springframework.test.context.event.EventPublishingTestExecutionListener]
2022-03-10 14:59:19.019  INFO 79673 --- [    Test worker] .b.t.c.SpringBootTestContextBootstrapper : Using TestExecutionListeners: [org.springframework.test.context.web.ServletTestExecutionListener@941ca7b, org.springframework.test.context.support.DirtiesContextBeforeModesTestExecutionListener@3935564f, org.springframework.boot.test.mock.mockito.MockitoTestExecutionListener@5ca189e8, org.springframework.boot.test.autoconfigure.SpringBootDependencyInjectionTestExecutionListener@4b38df85, org.springframework.test.context.support.DirtiesContextTestExecutionListener@4c2dd68b, org.springframework.test.context.transaction.TransactionalTestExecutionListener@5fb9766f, org.springframework.test.context.jdbc.SqlScriptsTestExecutionListener@f075ab9, org.springframework.test.context.event.EventPublishingTestExecutionListener@24e682b, org.springframework.boot.test.autoconfigure.restdocs.RestDocsTestExecutionListener@20f56f67, org.springframework.boot.test.autoconfigure.web.client.MockRestServiceServerResetTestExecutionListener@346b7f18, org.springframework.boot.test.autoconfigure.web.servlet.MockMvcPrintOnlyOnFailureTestExecutionListener@18c39be, org.springframework.boot.test.autoconfigure.web.servlet.WebDriverTestExecutionListener@70720694, org.springframework.boot.test.autoconfigure.webservices.client.MockWebServiceServerTestExecutionListener@7bf7c1aa, org.springframework.boot.test.mock.mockito.ResetMocksTestExecutionListener@140bf273]
>>>>>>>>>>>>>>>>>>>>createDate = 2022-03-10T14:59:18.915180, modifiedDate =2022-03-10T14:59:18.915180
]]></system-out>
  <system-err><![CDATA[]]></system-err>
</testsuite>
