<?xml version="1.0" encoding="UTF-8"?>
<testsuite name="com.freelec.springboot.domain.posts.postsRepositoryTest" tests="1" skipped="0" failures="0" errors="0" timestamp="2022-03-11T05:02:10" hostname="heojeonghun-ui-MacBookPro.local" time="0.118">
  <properties/>
  <testcase name="게시글저장_불러오기()" classname="com.freelec.springboot.domain.posts.postsRepositoryTest" time="0.118"/>
  <system-out><![CDATA[2022-03-11 14:02:09.211  INFO 7479 --- [    Test worker] .b.t.c.SpringBootTestContextBootstrapper : Neither @ContextConfiguration nor @ContextHierarchy found for test class [com.freelec.springboot.domain.posts.postsRepositoryTest], using SpringBootContextLoader
2022-03-11 14:02:09.212  INFO 7479 --- [    Test worker] o.s.t.c.support.AbstractContextLoader    : Could not detect default resource locations for test class [com.freelec.springboot.domain.posts.postsRepositoryTest]: no resource found for suffixes {-context.xml, Context.groovy}.
2022-03-11 14:02:09.213  INFO 7479 --- [    Test worker] t.c.s.AnnotationConfigContextLoaderUtils : Could not detect default configuration classes for test class [com.freelec.springboot.domain.posts.postsRepositoryTest]: postsRepositoryTest does not declare any static, non-private, non-final, nested classes annotated with @Configuration.
2022-03-11 14:02:09.221  INFO 7479 --- [    Test worker] .b.t.c.SpringBootTestContextBootstrapper : Found @SpringBootConfiguration com.freelec.springboot.Application for test class com.freelec.springboot.domain.posts.postsRepositoryTest
2022-03-11 14:02:09.223  INFO 7479 --- [    Test worker] .b.t.c.SpringBootTestContextBootstrapper : Loaded default TestExecutionListener class names from location [META-INF/spring.factories]: [org.springframework.boot.test.autoconfigure.restdocs.RestDocsTestExecutionListener, org.springframework.boot.test.autoconfigure.web.client.MockRestServiceServerResetTestExecutionListener, org.springframework.boot.test.autoconfigure.web.servlet.MockMvcPrintOnlyOnFailureTestExecutionListener, org.springframework.boot.test.autoconfigure.web.servlet.WebDriverTestExecutionListener, org.springframework.boot.test.autoconfigure.webservices.client.MockWebServiceServerTestExecutionListener, org.springframework.boot.test.mock.mockito.MockitoTestExecutionListener, org.springframework.boot.test.mock.mockito.ResetMocksTestExecutionListener, org.springframework.test.context.web.ServletTestExecutionListener, org.springframework.test.context.support.DirtiesContextBeforeModesTestExecutionListener, org.springframework.test.context.support.DependencyInjectionTestExecutionListener, org.springframework.test.context.support.DirtiesContextTestExecutionListener, org.springframework.test.context.transaction.TransactionalTestExecutionListener, org.springframework.test.context.jdbc.SqlScriptsTestExecutionListener, org.springframework.test.context.event.EventPublishingTestExecutionListener]
2022-03-11 14:02:09.224  INFO 7479 --- [    Test worker] .b.t.c.SpringBootTestContextBootstrapper : Using TestExecutionListeners: [org.springframework.test.context.web.ServletTestExecutionListener@33c910a2, org.springframework.test.context.support.DirtiesContextBeforeModesTestExecutionListener@587b8b63, org.springframework.boot.test.mock.mockito.MockitoTestExecutionListener@53f6e26d, org.springframework.boot.test.autoconfigure.SpringBootDependencyInjectionTestExecutionListener@64a34bc2, org.springframework.test.context.support.DirtiesContextTestExecutionListener@1f140bf4, org.springframework.test.context.transaction.TransactionalTestExecutionListener@1bb0abe6, org.springframework.test.context.jdbc.SqlScriptsTestExecutionListener@7fb1c777, org.springframework.test.context.event.EventPublishingTestExecutionListener@1327e18, org.springframework.boot.test.autoconfigure.restdocs.RestDocsTestExecutionListener@3e468e61, org.springframework.boot.test.autoconfigure.web.client.MockRestServiceServerResetTestExecutionListener@2037edd4, org.springframework.boot.test.autoconfigure.web.servlet.MockMvcPrintOnlyOnFailureTestExecutionListener@51cc1cda, org.springframework.boot.test.autoconfigure.web.servlet.WebDriverTestExecutionListener@431c6a45, org.springframework.boot.test.autoconfigure.webservices.client.MockWebServiceServerTestExecutionListener@49a3d1c1, org.springframework.boot.test.mock.mockito.ResetMocksTestExecutionListener@5665dc6c]

  .   ____          _            __ _ _
 /\\ / ___'_ __ _ _(_)_ __  __ _ \ \ \ \
( ( )\___ | '_ | '_| | '_ \/ _` | \ \ \ \
 \\/  ___)| |_)| | | | | || (_| |  ) ) ) )
  '  |____| .__|_| |_|_| |_\__, | / / / /
 =========|_|==============|___/=/_/_/_/
 :: Spring Boot ::                (v2.4.1)

2022-03-11 14:02:09.255  INFO 7479 --- [    Test worker] c.f.s.domain.posts.postsRepositoryTest   : Starting postsRepositoryTest using Java 14.0.2 on heojeonghun-ui-MacBookPro.local with PID 7479 (started by heojeonghun in /Users/heojeonghun/Desktop/Life/스프링/freelec)
2022-03-11 14:02:09.255  INFO 7479 --- [    Test worker] c.f.s.domain.posts.postsRepositoryTest   : No active profile set, falling back to default profiles: default
2022-03-11 14:02:09.510  INFO 7479 --- [    Test worker] .s.d.r.c.RepositoryConfigurationDelegate : Bootstrapping Spring Data JPA repositories in DEFAULT mode.
2022-03-11 14:02:09.528  INFO 7479 --- [    Test worker] .s.d.r.c.RepositoryConfigurationDelegate : Finished Spring Data repository scanning in 17 ms. Found 2 JPA repository interfaces.
2022-03-11 14:02:09.679  INFO 7479 --- [    Test worker] com.zaxxer.hikari.HikariDataSource       : HikariPool-2 - Starting...
2022-03-11 14:02:09.681  INFO 7479 --- [    Test worker] com.zaxxer.hikari.HikariDataSource       : HikariPool-2 - Start completed.
2022-03-11 14:02:09.697  INFO 7479 --- [    Test worker] o.hibernate.jpa.internal.util.LogHelper  : HHH000204: Processing PersistenceUnitInfo [name: default]
2022-03-11 14:02:09.705  INFO 7479 --- [    Test worker] org.hibernate.dialect.Dialect            : HHH000400: Using dialect: org.hibernate.dialect.MySQL57Dialect
Hibernate: drop table if exists posts
Hibernate: drop table if exists user
Hibernate: create table posts (id bigint not null auto_increment, created_date datetime(6), modified_date datetime(6), author varchar(255), content TEXT not null, title varchar(500) not null, primary key (id)) engine=InnoDB
Hibernate: create table user (id bigint not null auto_increment, created_date datetime(6), modified_date datetime(6), email varchar(255) not null, name varchar(255) not null, picture varchar(255), role varchar(255) not null, primary key (id)) engine=InnoDB
2022-03-11 14:02:09.758  INFO 7479 --- [    Test worker] o.h.e.t.j.p.i.JtaPlatformInitiator       : HHH000490: Using JtaPlatform implementation: [org.hibernate.engine.transaction.jta.platform.internal.NoJtaPlatform]
2022-03-11 14:02:09.758  INFO 7479 --- [    Test worker] j.LocalContainerEntityManagerFactoryBean : Initialized JPA EntityManagerFactory for persistence unit 'default'
2022-03-11 14:02:09.921  WARN 7479 --- [    Test worker] JpaBaseConfiguration$JpaWebConfiguration : spring.jpa.open-in-view is enabled by default. Therefore, database queries may be performed during view rendering. Explicitly configure spring.jpa.open-in-view to disable this warning
2022-03-11 14:02:10.117  INFO 7479 --- [    Test worker] o.s.s.web.DefaultSecurityFilterChain     : Will secure any request with [org.springframework.security.web.context.request.async.WebAsyncManagerIntegrationFilter@6e613e84, org.springframework.security.web.context.SecurityContextPersistenceFilter@4ae39435, org.springframework.security.web.header.HeaderWriterFilter@614f6b80, org.springframework.security.web.authentication.logout.LogoutFilter@5a316336, org.springframework.security.oauth2.client.web.OAuth2AuthorizationRequestRedirectFilter@71a327af, org.springframework.security.oauth2.client.web.OAuth2LoginAuthenticationFilter@56e280c7, org.springframework.security.web.authentication.ui.DefaultLoginPageGeneratingFilter@6a0b6504, org.springframework.security.web.authentication.ui.DefaultLogoutPageGeneratingFilter@653440f8, org.springframework.security.web.savedrequest.RequestCacheAwareFilter@175e22c3, org.springframework.security.web.servletapi.SecurityContextHolderAwareRequestFilter@d5748c3, org.springframework.security.web.authentication.AnonymousAuthenticationFilter@dc29dae, org.springframework.security.web.session.SessionManagementFilter@4104d7ea, org.springframework.security.web.access.ExceptionTranslationFilter@6db7775, org.springframework.security.web.access.intercept.FilterSecurityInterceptor@19f2558d]
2022-03-11 14:02:10.305  INFO 7479 --- [    Test worker] o.s.s.concurrent.ThreadPoolTaskExecutor  : Initializing ExecutorService 'applicationTaskExecutor'
2022-03-11 14:02:10.327  INFO 7479 --- [    Test worker] o.s.b.a.h2.H2ConsoleAutoConfiguration    : H2 console available at '/h2-console'. Database available at 'jdbc:h2:mem:testdb'
2022-03-11 14:02:10.368  INFO 7479 --- [    Test worker] o.s.b.a.w.s.WelcomePageHandlerMapping    : Adding welcome page template: index
2022-03-11 14:02:10.663  INFO 7479 --- [    Test worker] s.a.ScheduledAnnotationBeanPostProcessor : No TaskScheduler/ScheduledExecutorService bean found for scheduled processing
2022-03-11 14:02:10.665  INFO 7479 --- [    Test worker] c.f.s.domain.posts.postsRepositoryTest   : Started postsRepositoryTest in 1.429 seconds (JVM running for 11.129)
Hibernate: insert into posts (created_date, modified_date, author, content, title) values (?, ?, ?, ?, ?)
Hibernate: select posts0_.id as id1_0_, posts0_.created_date as created_2_0_, posts0_.modified_date as modified3_0_, posts0_.author as author4_0_, posts0_.content as content5_0_, posts0_.title as title6_0_ from posts posts0_
]]></system-out>
  <system-err><![CDATA[]]></system-err>
</testsuite>
