<?xml version="1.0" encoding="UTF-8"?>
<testsuite name="com.freelec.springboot.domain.posts.postsRepositoryTest" tests="1" skipped="0" failures="0" errors="0" timestamp="2022-03-10T05:59:18" hostname="192.168.nate.com" time="0.125">
  <properties/>
  <testcase name="게시글저장_불러오기()" classname="com.freelec.springboot.domain.posts.postsRepositoryTest" time="0.125"/>
  <system-out><![CDATA[2022-03-10 14:59:17.370  INFO 79673 --- [    Test worker] .b.t.c.SpringBootTestContextBootstrapper : Neither @ContextConfiguration nor @ContextHierarchy found for test class [com.freelec.springboot.domain.posts.postsRepositoryTest], using SpringBootContextLoader
2022-03-10 14:59:17.371  INFO 79673 --- [    Test worker] o.s.t.c.support.AbstractContextLoader    : Could not detect default resource locations for test class [com.freelec.springboot.domain.posts.postsRepositoryTest]: no resource found for suffixes {-context.xml, Context.groovy}.
2022-03-10 14:59:17.372  INFO 79673 --- [    Test worker] t.c.s.AnnotationConfigContextLoaderUtils : Could not detect default configuration classes for test class [com.freelec.springboot.domain.posts.postsRepositoryTest]: postsRepositoryTest does not declare any static, non-private, non-final, nested classes annotated with @Configuration.
2022-03-10 14:59:17.380  INFO 79673 --- [    Test worker] .b.t.c.SpringBootTestContextBootstrapper : Found @SpringBootConfiguration com.freelec.springboot.Application for test class com.freelec.springboot.domain.posts.postsRepositoryTest
2022-03-10 14:59:17.384  INFO 79673 --- [    Test worker] .b.t.c.SpringBootTestContextBootstrapper : Loaded default TestExecutionListener class names from location [META-INF/spring.factories]: [org.springframework.boot.test.autoconfigure.restdocs.RestDocsTestExecutionListener, org.springframework.boot.test.autoconfigure.web.client.MockRestServiceServerResetTestExecutionListener, org.springframework.boot.test.autoconfigure.web.servlet.MockMvcPrintOnlyOnFailureTestExecutionListener, org.springframework.boot.test.autoconfigure.web.servlet.WebDriverTestExecutionListener, org.springframework.boot.test.autoconfigure.webservices.client.MockWebServiceServerTestExecutionListener, org.springframework.boot.test.mock.mockito.MockitoTestExecutionListener, org.springframework.boot.test.mock.mockito.ResetMocksTestExecutionListener, org.springframework.test.context.web.ServletTestExecutionListener, org.springframework.test.context.support.DirtiesContextBeforeModesTestExecutionListener, org.springframework.test.context.support.DependencyInjectionTestExecutionListener, org.springframework.test.context.support.DirtiesContextTestExecutionListener, org.springframework.test.context.transaction.TransactionalTestExecutionListener, org.springframework.test.context.jdbc.SqlScriptsTestExecutionListener, org.springframework.test.context.event.EventPublishingTestExecutionListener]
2022-03-10 14:59:17.385  INFO 79673 --- [    Test worker] .b.t.c.SpringBootTestContextBootstrapper : Using TestExecutionListeners: [org.springframework.test.context.web.ServletTestExecutionListener@40d66cb2, org.springframework.test.context.support.DirtiesContextBeforeModesTestExecutionListener@726c10d3, org.springframework.boot.test.mock.mockito.MockitoTestExecutionListener@35692b5f, org.springframework.boot.test.autoconfigure.SpringBootDependencyInjectionTestExecutionListener@30e2de37, org.springframework.test.context.support.DirtiesContextTestExecutionListener@43a28765, org.springframework.test.context.transaction.TransactionalTestExecutionListener@515aed4a, org.springframework.test.context.jdbc.SqlScriptsTestExecutionListener@2d1507ed, org.springframework.test.context.event.EventPublishingTestExecutionListener@ba0771e, org.springframework.boot.test.autoconfigure.restdocs.RestDocsTestExecutionListener@5c6e50a0, org.springframework.boot.test.autoconfigure.web.client.MockRestServiceServerResetTestExecutionListener@5ad8c6da, org.springframework.boot.test.autoconfigure.web.servlet.MockMvcPrintOnlyOnFailureTestExecutionListener@5f778803, org.springframework.boot.test.autoconfigure.web.servlet.WebDriverTestExecutionListener@57e70c74, org.springframework.boot.test.autoconfigure.webservices.client.MockWebServiceServerTestExecutionListener@79a2bd78, org.springframework.boot.test.mock.mockito.ResetMocksTestExecutionListener@65d05a80]

  .   ____          _            __ _ _
 /\\ / ___'_ __ _ _(_)_ __  __ _ \ \ \ \
( ( )\___ | '_ | '_| | '_ \/ _` | \ \ \ \
 \\/  ___)| |_)| | | | | || (_| |  ) ) ) )
  '  |____| .__|_| |_|_| |_\__, | / / / /
 =========|_|==============|___/=/_/_/_/
 :: Spring Boot ::                (v2.4.1)

2022-03-10 14:59:17.414  INFO 79673 --- [    Test worker] c.f.s.domain.posts.postsRepositoryTest   : Starting postsRepositoryTest using Java 14.0.2 on 192.168.nate.com with PID 79673 (started by heojeonghun in /Users/heojeonghun/Desktop/Life/스프링/freelec)
2022-03-10 14:59:17.415  INFO 79673 --- [    Test worker] c.f.s.domain.posts.postsRepositoryTest   : No active profile set, falling back to default profiles: default
2022-03-10 14:59:17.673  INFO 79673 --- [    Test worker] .s.d.r.c.RepositoryConfigurationDelegate : Bootstrapping Spring Data JPA repositories in DEFAULT mode.
2022-03-10 14:59:17.693  INFO 79673 --- [    Test worker] .s.d.r.c.RepositoryConfigurationDelegate : Finished Spring Data repository scanning in 20 ms. Found 2 JPA repository interfaces.
2022-03-10 14:59:17.859  INFO 79673 --- [    Test worker] com.zaxxer.hikari.HikariDataSource       : HikariPool-2 - Starting...
2022-03-10 14:59:17.860  INFO 79673 --- [    Test worker] com.zaxxer.hikari.HikariDataSource       : HikariPool-2 - Start completed.
2022-03-10 14:59:17.880  INFO 79673 --- [    Test worker] o.hibernate.jpa.internal.util.LogHelper  : HHH000204: Processing PersistenceUnitInfo [name: default]
2022-03-10 14:59:17.888  INFO 79673 --- [    Test worker] org.hibernate.dialect.Dialect            : HHH000400: Using dialect: org.hibernate.dialect.MySQL57Dialect
2022-03-10 14:59:17.953  INFO 79673 --- [    Test worker] o.h.e.t.j.p.i.JtaPlatformInitiator       : HHH000490: Using JtaPlatform implementation: [org.hibernate.engine.transaction.jta.platform.internal.NoJtaPlatform]
2022-03-10 14:59:17.954  INFO 79673 --- [    Test worker] j.LocalContainerEntityManagerFactoryBean : Initialized JPA EntityManagerFactory for persistence unit 'default'
2022-03-10 14:59:18.123  WARN 79673 --- [    Test worker] JpaBaseConfiguration$JpaWebConfiguration : spring.jpa.open-in-view is enabled by default. Therefore, database queries may be performed during view rendering. Explicitly configure spring.jpa.open-in-view to disable this warning
2022-03-10 14:59:18.312  INFO 79673 --- [    Test worker] o.s.s.web.DefaultSecurityFilterChain     : Will secure any request with [org.springframework.security.web.context.request.async.WebAsyncManagerIntegrationFilter@1e52f6dc, org.springframework.security.web.context.SecurityContextPersistenceFilter@456ca6de, org.springframework.security.web.header.HeaderWriterFilter@5c7cb05e, org.springframework.security.web.authentication.logout.LogoutFilter@49922707, org.springframework.security.oauth2.client.web.OAuth2AuthorizationRequestRedirectFilter@d179290, org.springframework.security.oauth2.client.web.OAuth2LoginAuthenticationFilter@6d3f062b, org.springframework.security.web.authentication.ui.DefaultLoginPageGeneratingFilter@fa71826, org.springframework.security.web.authentication.ui.DefaultLogoutPageGeneratingFilter@146420c6, org.springframework.security.web.savedrequest.RequestCacheAwareFilter@24585e38, org.springframework.security.web.servletapi.SecurityContextHolderAwareRequestFilter@1d9fe4ad, org.springframework.security.web.authentication.AnonymousAuthenticationFilter@2556a3c8, org.springframework.security.web.session.SessionManagementFilter@1b413d6d, org.springframework.security.web.access.ExceptionTranslationFilter@37fad5ee, org.springframework.security.web.access.intercept.FilterSecurityInterceptor@7b1a1b9]
2022-03-10 14:59:18.503  INFO 79673 --- [    Test worker] o.s.s.concurrent.ThreadPoolTaskExecutor  : Initializing ExecutorService 'applicationTaskExecutor'
2022-03-10 14:59:18.527  INFO 79673 --- [    Test worker] o.s.b.a.h2.H2ConsoleAutoConfiguration    : H2 console available at '/h2-console'. Database available at 'jdbc:h2:mem:testdb'
2022-03-10 14:59:18.562  INFO 79673 --- [    Test worker] o.s.b.a.w.s.WelcomePageHandlerMapping    : Adding welcome page template: index
2022-03-10 14:59:18.867  INFO 79673 --- [    Test worker] s.a.ScheduledAnnotationBeanPostProcessor : No TaskScheduler/ScheduledExecutorService bean found for scheduled processing
2022-03-10 14:59:18.869  INFO 79673 --- [    Test worker] c.f.s.domain.posts.postsRepositoryTest   : Started postsRepositoryTest in 1.474 seconds (JVM running for 11.62)
]]></system-out>
  <system-err><![CDATA[]]></system-err>
</testsuite>
