<?xml version="1.0" encoding="UTF-8"?>
<testsuite name="com.freelec.springboot.web.dto.HelloResponseDtoTest" tests="1" skipped="0" failures="0" errors="0" timestamp="2022-03-11T05:02:00" hostname="heojeonghun-ui-MacBookPro.local" time="0.114">
  <properties/>
  <testcase name="롬복_테스트()" classname="com.freelec.springboot.web.dto.HelloResponseDtoTest" time="0.114"/>
  <system-out><![CDATA[]]></system-out>
  <system-err><![CDATA[]]></system-err>
</testsuite>
